{"contracts/NftMarketplace.sol":{"l":{"60":13,"61":13,"62":1,"64":12,"68":17,"69":17,"70":17,"71":3,"73":14,"77":9,"78":9,"79":3,"81":6,"103":11,"104":0,"109":11,"111":11,"112":1,"114":10,"115":10,"125":3,"126":3,"127":1,"135":2,"137":2,"139":2,"141":2,"152":1,"153":1,"158":1,"159":1,"163":2,"164":2,"165":1,"168":1,"169":1,"170":1,"172":0,"182":3,"186":2},"path":"/Users/rookasrudzianskas/Documents/WEB 3.0/SMART_CONTRACTS/hardhat-marketplace/contracts/NftMarketplace.sol","s":{"1":13,"2":13,"3":17,"4":17,"5":17,"6":9,"7":9,"8":11,"9":11,"10":11,"11":10,"12":10,"13":3,"14":3,"15":2,"16":2,"17":2,"18":1,"19":1,"20":1,"21":2,"22":2,"23":1,"24":1,"25":1,"26":3,"27":2},"b":{"1":[1,12],"2":[3,14],"3":[3,6],"4":[0,11],"5":[1,10],"6":[1,2],"7":[1,1],"8":[0,1]},"f":{"1":13,"2":17,"3":9,"4":11,"5":3,"6":1,"7":1,"8":2,"9":3,"10":2},"fnMap":{"1":{"name":"notListed","line":56,"loc":{"start":{"line":56,"column":4},"end":{"line":65,"column":4}}},"2":{"name":"isOwner","line":67,"loc":{"start":{"line":67,"column":4},"end":{"line":74,"column":4}}},"3":{"name":"isListed","line":76,"loc":{"start":{"line":76,"column":4},"end":{"line":82,"column":4}}},"4":{"name":"listItem","line":101,"loc":{"start":{"line":93,"column":4},"end":{"line":117,"column":4}}},"5":{"name":"buyItem","line":123,"loc":{"start":{"line":119,"column":4},"end":{"line":142,"column":4}}},"6":{"name":"cancelListing","line":151,"loc":{"start":{"line":144,"column":4},"end":{"line":154,"column":4}}},"7":{"name":"updateListing","line":156,"loc":{"start":{"line":156,"column":4},"end":{"line":160,"column":4}}},"8":{"name":"withdrawProceeds","line":162,"loc":{"start":{"line":162,"column":4},"end":{"line":175,"column":4}}},"9":{"name":"getListing","line":181,"loc":{"start":{"line":181,"column":4},"end":{"line":183,"column":4}}},"10":{"name":"getProceeds","line":185,"loc":{"start":{"line":185,"column":4},"end":{"line":187,"column":4}}}},"statementMap":{"1":{"start":{"line":60,"column":8},"end":{"line":60,"column":64}},"2":{"start":{"line":61,"column":8},"end":{"line":61,"column":1865}},"3":{"start":{"line":68,"column":8},"end":{"line":68,"column":41}},"4":{"start":{"line":69,"column":8},"end":{"line":69,"column":44}},"5":{"start":{"line":70,"column":8},"end":{"line":70,"column":2162}},"6":{"start":{"line":77,"column":8},"end":{"line":77,"column":64}},"7":{"start":{"line":78,"column":8},"end":{"line":78,"column":2395}},"8":{"start":{"line":103,"column":8},"end":{"line":103,"column":3099}},"9":{"start":{"line":109,"column":8},"end":{"line":109,"column":41}},"10":{"start":{"line":111,"column":8},"end":{"line":111,"column":3626}},"11":{"start":{"line":114,"column":8},"end":{"line":114,"column":67}},"12":{"start":{"line":115,"column":8},"end":{"line":115,"column":63}},"13":{"start":{"line":125,"column":8},"end":{"line":125,"column":67}},"14":{"start":{"line":126,"column":8},"end":{"line":126,"column":4241}},"15":{"start":{"line":135,"column":8},"end":{"line":135,"column":80}},"16":{"start":{"line":139,"column":8},"end":{"line":139,"column":83}},"17":{"start":{"line":141,"column":8},"end":{"line":141,"column":74}},"18":{"start":{"line":153,"column":8},"end":{"line":153,"column":58}},"19":{"start":{"line":158,"column":8},"end":{"line":158,"column":55}},"20":{"start":{"line":159,"column":8},"end":{"line":159,"column":66}},"21":{"start":{"line":163,"column":8},"end":{"line":163,"column":49}},"22":{"start":{"line":164,"column":8},"end":{"line":164,"column":6000}},"23":{"start":{"line":168,"column":8},"end":{"line":168,"column":33}},"24":{"start":{"line":169,"column":8},"end":{"line":169,"column":72}},"25":{"start":{"line":170,"column":8},"end":{"line":170,"column":6236}},"26":{"start":{"line":182,"column":8},"end":{"line":182,"column":46}},"27":{"start":{"line":186,"column":8},"end":{"line":186,"column":33}}},"branchMap":{"1":{"line":61,"type":"if","locations":[{"start":{"line":61,"column":8},"end":{"line":61,"column":8}},{"start":{"line":61,"column":8},"end":{"line":61,"column":8}}]},"2":{"line":70,"type":"if","locations":[{"start":{"line":70,"column":8},"end":{"line":70,"column":8}},{"start":{"line":70,"column":8},"end":{"line":70,"column":8}}]},"3":{"line":78,"type":"if","locations":[{"start":{"line":78,"column":8},"end":{"line":78,"column":8}},{"start":{"line":78,"column":8},"end":{"line":78,"column":8}}]},"4":{"line":103,"type":"if","locations":[{"start":{"line":103,"column":8},"end":{"line":103,"column":8}},{"start":{"line":103,"column":8},"end":{"line":103,"column":8}}]},"5":{"line":111,"type":"if","locations":[{"start":{"line":111,"column":8},"end":{"line":111,"column":8}},{"start":{"line":111,"column":8},"end":{"line":111,"column":8}}]},"6":{"line":126,"type":"if","locations":[{"start":{"line":126,"column":8},"end":{"line":126,"column":8}},{"start":{"line":126,"column":8},"end":{"line":126,"column":8}}]},"7":{"line":164,"type":"if","locations":[{"start":{"line":164,"column":8},"end":{"line":164,"column":8}},{"start":{"line":164,"column":8},"end":{"line":164,"column":8}}]},"8":{"line":170,"type":"if","locations":[{"start":{"line":170,"column":8},"end":{"line":170,"column":8}},{"start":{"line":170,"column":8},"end":{"line":170,"column":8}}]}}},"contracts/ReentranceVulnerability.sol":{"l":{"8":0,"12":0,"13":0,"15":0,"16":0,"18":0,"23":0,"31":0,"35":0,"36":0,"41":0,"42":0,"48":0},"path":"/Users/rookasrudzianskas/Documents/WEB 3.0/SMART_CONTRACTS/hardhat-marketplace/contracts/ReentranceVulnerability.sol","s":{"1":0,"2":0,"3":0,"4":0,"5":0,"6":0,"7":0,"8":0,"9":0,"10":0,"11":0,"12":0,"13":0},"b":{"1":[0,0],"2":[0,0],"3":[0,0]},"f":{"1":0,"2":0,"3":0,"4":0,"5":0,"6":0,"7":0},"fnMap":{"1":{"name":"deposit","line":7,"loc":{"start":{"line":7,"column":4},"end":{"line":9,"column":4}}},"2":{"name":"withdraw","line":11,"loc":{"start":{"line":11,"column":4},"end":{"line":19,"column":4}}},"3":{"name":"getBalance","line":22,"loc":{"start":{"line":22,"column":4},"end":{"line":24,"column":4}}},"4":{"name":"constructor","line":30,"loc":{"start":{"line":30,"column":4},"end":{"line":32,"column":4}}},"5":{"name":"attack","line":34,"loc":{"start":{"line":34,"column":4},"end":{"line":37,"column":4}}},"6":{"name":null,"line":40,"loc":{"start":{"line":40,"column":4},"end":{"line":44,"column":4}}},"7":{"name":"getBalance","line":47,"loc":{"start":{"line":47,"column":4},"end":{"line":49,"column":4}}}},"statementMap":{"1":{"start":{"line":8,"column":8},"end":{"line":8,"column":40}},"2":{"start":{"line":12,"column":8},"end":{"line":12,"column":39}},"3":{"start":{"line":13,"column":8},"end":{"line":13,"column":23}},"4":{"start":{"line":15,"column":8},"end":{"line":15,"column":55}},"5":{"start":{"line":16,"column":8},"end":{"line":16,"column":44}},"6":{"start":{"line":18,"column":8},"end":{"line":18,"column":31}},"7":{"start":{"line":23,"column":8},"end":{"line":23,"column":36}},"8":{"start":{"line":31,"column":8},"end":{"line":31,"column":68}},"9":{"start":{"line":35,"column":8},"end":{"line":35,"column":52}},"10":{"start":{"line":36,"column":8},"end":{"line":36,"column":37}},"11":{"start":{"line":41,"column":8},"end":{"line":41,"column":1064}},"12":{"start":{"line":42,"column":12},"end":{"line":42,"column":41}},"13":{"start":{"line":48,"column":8},"end":{"line":48,"column":36}}},"branchMap":{"1":{"line":13,"type":"if","locations":[{"start":{"line":13,"column":8},"end":{"line":13,"column":8}},{"start":{"line":13,"column":8},"end":{"line":13,"column":8}}]},"2":{"line":16,"type":"if","locations":[{"start":{"line":16,"column":8},"end":{"line":16,"column":8}},{"start":{"line":16,"column":8},"end":{"line":16,"column":8}}]},"3":{"line":41,"type":"if","locations":[{"start":{"line":41,"column":8},"end":{"line":41,"column":8}},{"start":{"line":41,"column":8},"end":{"line":41,"column":8}}]}}},"contracts/test/BasicNft.sol":{"l":{"14":3,"18":15,"19":15,"20":15,"24":0,"25":0,"29":0},"path":"/Users/rookasrudzianskas/Documents/WEB 3.0/SMART_CONTRACTS/hardhat-marketplace/contracts/test/BasicNft.sol","s":{"1":3,"2":15,"3":15,"4":15,"5":0,"6":0,"7":0},"b":{"1":[0,0]},"f":{"1":3,"2":15,"3":0,"4":0},"fnMap":{"1":{"name":"constructor","line":13,"loc":{"start":{"line":13,"column":4},"end":{"line":15,"column":4}}},"2":{"name":"mintNft","line":17,"loc":{"start":{"line":17,"column":4},"end":{"line":21,"column":4}}},"3":{"name":"tokenURI","line":23,"loc":{"start":{"line":23,"column":4},"end":{"line":26,"column":4}}},"4":{"name":"getTokenCounter","line":28,"loc":{"start":{"line":28,"column":4},"end":{"line":30,"column":4}}}},"statementMap":{"1":{"start":{"line":14,"column":8},"end":{"line":14,"column":25}},"2":{"start":{"line":18,"column":8},"end":{"line":18,"column":44}},"3":{"start":{"line":19,"column":8},"end":{"line":19,"column":38}},"4":{"start":{"line":20,"column":8},"end":{"line":20,"column":42}},"5":{"start":{"line":24,"column":8},"end":{"line":24,"column":83}},"6":{"start":{"line":25,"column":8},"end":{"line":25,"column":24}},"7":{"start":{"line":29,"column":8},"end":{"line":29,"column":29}}},"branchMap":{"1":{"line":24,"type":"if","locations":[{"start":{"line":24,"column":8},"end":{"line":24,"column":8}},{"start":{"line":24,"column":8},"end":{"line":24,"column":8}}]}}}}